C51 COMPILER V9.01   DELAY                                                                 02/20/2019 22:52:55 PAGE 1   


C51 COMPILER V9.01, COMPILATION OF MODULE DELAY
OBJECT MODULE PLACED IN Delay.OBJ
COMPILER INVOKED BY: E:\keil4\C51\BIN\C51.EXE Delay.c BROWSE DEBUG OBJECTEXTEND TABS(2)

line level    source

   1          #include "Delay.h"
   2          
   3          void Delay100us(uint32_t time)    //@11.0592MHz
   4          {
   5   1        unsigned char i, j;
   6   1        while(time--)
   7   1        {
   8   2          _nop_();
   9   2          _nop_();
  10   2          i = 2;
  11   2          j = 15;
  12   2          do
  13   2          {
  14   3            while (--j);
  15   3          } while (--i);  
  16   2        }
  17   1      }
  18          
  19          void Delay10ms(uint32_t time)   //@11.0592MHz
  20          {
  21   1        unsigned char i, j;
  22   1      
  23   1        while(time--)
  24   1        {
  25   2          i = 108;
  26   2          j = 145;
  27   2          do
  28   2          {
  29   3            while (--j);
  30   3          } while (--i);
  31   2        }
  32   1      }
  33          


MODULE INFORMATION:   STATIC OVERLAYABLE
   CODE SIZE        =     66    ----
   CONSTANT SIZE    =   ----    ----
   XDATA SIZE       =   ----    ----
   PDATA SIZE       =   ----    ----
   DATA SIZE        =   ----       8
   IDATA SIZE       =   ----    ----
   BIT SIZE         =   ----    ----
END OF MODULE INFORMATION.


C51 COMPILATION COMPLETE.  0 WARNING(S),  0 ERROR(S)
