C51 COMPILER V9.01   INTERRUPT                                                             02/22/2019 21:47:11 PAGE 1   


C51 COMPILER V9.01, COMPILATION OF MODULE INTERRUPT
OBJECT MODULE PLACED IN interrupt.OBJ
COMPILER INVOKED BY: E:\keil4\C51\BIN\C51.EXE interrupt.c BROWSE DEBUG OBJECTEXTEND TABS(2)

line level    source

   1          #include "interrupt.h"
   2          
   3          uint8_t recv_buf[40];
   4          uint8_t m_index;
   5          
   6          void EXTI_Init(void)
   7          {
   8   1        TMOD |= 0x20;   
   9   1        TH1 = 253;     
  10   1        TL1 = 253;
  11   1        TR1 = 1;       
  12   1        SCON |= 0x50; 
  13   1        ES = 1;
  14   1        EA = 1;           
  15   1        TI = 0;
  16   1        RI = 0;
  17   1      }
  18          
  19          void Send_types(U8* Temp)
  20          {
  21   1        while(*Temp != '\0')
  22   1        {
  23   2          sentTemp(*Temp);
  24   2          Temp++;
  25   2        }
  26   1      }
  27          
  28          void sentTemp(U8 Temp)
  29          {
  30   1        SBUF=Temp; 
  31   1        while(!TI);
  32   1        TI=0;
  33   1      }
  34          
  35          void RSINTR() interrupt 4 using 2
  36          {
  37   1        U8 InPut3;
  38   1      
  39   1        if(RI==1)     
  40   1        { 
  41   2          InPut3=SBUF;
  42   2          recv_buf[m_index] = InPut3;
  43   2          if(recv_buf[m_index] == '\n')
  44   2            m_index = 0;
  45   2          else
  46   2            m_index++;
  47   2          RI=0;                
  48   2        }
  49   1      }


MODULE INFORMATION:   STATIC OVERLAYABLE
   CODE SIZE        =    108    ----
   CONSTANT SIZE    =   ----    ----
   XDATA SIZE       =   ----    ----
C51 COMPILER V9.01   INTERRUPT                                                             02/22/2019 21:47:11 PAGE 2   

   PDATA SIZE       =   ----    ----
   DATA SIZE        =     41       3
   IDATA SIZE       =   ----    ----
   BIT SIZE         =   ----    ----
END OF MODULE INFORMATION.


C51 COMPILATION COMPLETE.  0 WARNING(S),  0 ERROR(S)
